2024-11-25 07:48:56,754 INFO supervisord started with pid 1
2024-11-25 07:48:57,757 INFO spawned: 'queue_00' with pid 9
2024-11-25 07:48:57,759 INFO spawned: 'php-fpm' with pid 10
2024-11-25 07:48:58,794 INFO success: queue_00 entered RUNNING state, process has stayed up for > than 1 seconds (startsecs)
2024-11-25 07:48:58,794 INFO success: php-fpm entered RUNNING state, process has stayed up for > than 1 seconds (startsecs)
2024-11-25 08:38:33,129 WARN received SIGQUIT indicating exit request
2024-11-25 08:38:33,130 INFO waiting for queue_00, php-fpm to die
2024-11-25 08:38:33,136 INFO stopped: php-fpm (exit status 0)
2024-11-25 08:38:33,138 INFO stopped: queue_00 (terminated by SIGTERM)
2024-11-25 08:38:44,430 INFO supervisord started with pid 1
2024-11-25 08:38:45,432 INFO spawned: 'queue_00' with pid 9
2024-11-25 08:38:45,434 INFO spawned: 'php-fpm' with pid 10
2024-11-25 08:38:46,456 INFO success: queue_00 entered RUNNING state, process has stayed up for > than 1 seconds (startsecs)
2024-11-25 08:38:46,456 INFO success: php-fpm entered RUNNING state, process has stayed up for > than 1 seconds (startsecs)
2024-11-25 09:55:08,203 WARN received SIGQUIT indicating exit request
2024-11-25 09:55:08,205 INFO waiting for queue_00, php-fpm to die
2024-11-25 09:55:08,222 INFO stopped: php-fpm (exit status 0)
2024-11-25 09:55:08,225 INFO stopped: queue_00 (terminated by SIGTERM)
2024-11-25 10:04:03,209 INFO supervisord started with pid 1
2024-11-25 10:04:04,212 INFO spawned: 'queue_00' with pid 9
2024-11-25 10:04:05,214 INFO success: queue_00 entered RUNNING state, process has stayed up for > than 1 seconds (startsecs)
2024-11-25 10:05:19,003 WARN received SIGQUIT indicating exit request
2024-11-25 10:05:19,003 INFO waiting for queue_00 to die
2024-11-25 10:05:19,004 INFO stopped: queue_00 (terminated by SIGTERM)
2024-11-25 10:05:30,010 INFO supervisord started with pid 1
2024-11-25 10:05:31,012 INFO spawned: 'queue_00' with pid 9
2024-11-25 10:05:31,013 INFO spawned: 'php-fpm' with pid 10
2024-11-25 10:05:32,047 INFO success: queue_00 entered RUNNING state, process has stayed up for > than 1 seconds (startsecs)
2024-11-25 10:05:32,047 INFO success: php-fpm entered RUNNING state, process has stayed up for > than 1 seconds (startsecs)
2024-11-25 10:10:32,308 WARN received SIGQUIT indicating exit request
2024-11-25 10:10:32,308 INFO waiting for queue_00, php-fpm to die
2024-11-25 10:10:32,311 INFO stopped: php-fpm (exit status 0)
2024-11-25 10:10:32,312 INFO stopped: queue_00 (terminated by SIGTERM)
2024-11-25 10:10:43,482 INFO supervisord started with pid 1
2024-11-25 10:10:44,485 INFO spawned: 'queue_00' with pid 9
2024-11-25 10:10:44,486 INFO spawned: 'php-fpm' with pid 10
2024-11-25 10:10:44,496 INFO exited: queue_00 (exit status 127; not expected)
2024-11-25 10:10:45,506 INFO spawned: 'queue_00' with pid 13
2024-11-25 10:10:45,506 INFO success: php-fpm entered RUNNING state, process has stayed up for > than 1 seconds (startsecs)
2024-11-25 10:10:45,508 INFO exited: queue_00 (exit status 127; not expected)
2024-11-25 10:10:47,511 INFO spawned: 'queue_00' with pid 14
2024-11-25 10:10:47,513 INFO exited: queue_00 (exit status 127; not expected)
2024-11-25 10:10:50,517 INFO spawned: 'queue_00' with pid 15
2024-11-25 10:10:50,520 INFO exited: queue_00 (exit status 127; not expected)
2024-11-25 10:10:51,521 INFO gave up: queue_00 entered FATAL state, too many start retries too quickly
2024-11-25 10:24:58,305 WARN received SIGQUIT indicating exit request
2024-11-25 10:24:58,305 INFO waiting for php-fpm to die
2024-11-25 10:24:58,308 INFO stopped: php-fpm (exit status 0)
2024-11-25 10:25:09,465 INFO supervisord started with pid 1
2024-11-25 10:25:10,469 INFO spawned: 'queue_00' with pid 9
2024-11-25 10:25:10,472 INFO spawned: 'php-fpm' with pid 10
2024-11-25 10:25:11,495 INFO success: queue_00 entered RUNNING state, process has stayed up for > than 1 seconds (startsecs)
2024-11-25 10:25:11,495 INFO success: php-fpm entered RUNNING state, process has stayed up for > than 1 seconds (startsecs)
2024-11-27 04:57:06,618 INFO supervisord started with pid 1
2024-11-27 04:57:07,621 INFO spawned: 'queue_00' with pid 9
2024-11-27 04:57:07,622 INFO spawned: 'php-fpm' with pid 10
2024-11-27 04:57:08,657 INFO success: queue_00 entered RUNNING state, process has stayed up for > than 1 seconds (startsecs)
2024-11-27 04:57:08,657 INFO success: php-fpm entered RUNNING state, process has stayed up for > than 1 seconds (startsecs)
2024-11-27 04:57:55,842 WARN received SIGQUIT indicating exit request
2024-11-27 04:57:55,842 INFO waiting for queue_00, php-fpm to die
2024-11-27 04:57:55,846 INFO stopped: php-fpm (exit status 0)
2024-11-27 04:57:55,847 INFO stopped: queue_00 (terminated by SIGTERM)
2024-11-27 05:59:25,702 INFO supervisord started with pid 1
2024-11-27 05:59:26,706 INFO spawned: 'queue_00' with pid 9
2024-11-27 05:59:26,708 INFO spawned: 'php-fpm' with pid 10
2024-11-27 05:59:27,732 INFO success: queue_00 entered RUNNING state, process has stayed up for > than 1 seconds (startsecs)
2024-11-27 05:59:27,732 INFO success: php-fpm entered RUNNING state, process has stayed up for > than 1 seconds (startsecs)
2024-11-27 06:02:11,279 WARN received SIGQUIT indicating exit request
2024-11-27 06:02:11,280 INFO waiting for queue_00, php-fpm to die
2024-11-27 06:02:11,289 INFO stopped: php-fpm (exit status 0)
2024-11-27 06:02:11,291 INFO stopped: queue_00 (terminated by SIGTERM)
2024-11-27 06:03:22,976 INFO supervisord started with pid 1
2024-11-27 06:03:23,978 INFO spawned: 'queue_00' with pid 9
2024-11-27 06:03:23,979 INFO spawned: 'php-fpm' with pid 10
2024-11-27 06:03:25,009 INFO success: queue_00 entered RUNNING state, process has stayed up for > than 1 seconds (startsecs)
2024-11-27 06:03:25,009 INFO success: php-fpm entered RUNNING state, process has stayed up for > than 1 seconds (startsecs)
2024-11-27 06:09:52,397 INFO exited: queue_00 (exit status 0; expected)
2024-11-27 06:09:53,396 INFO spawned: 'queue_00' with pid 19
2024-11-27 06:09:53,575 WARN received SIGQUIT indicating exit request
2024-11-27 06:09:53,575 INFO waiting for queue_00, php-fpm to die
2024-11-27 06:09:53,578 INFO stopped: php-fpm (exit status 0)
2024-11-27 06:09:53,579 INFO stopped: queue_00 (terminated by SIGTERM)
2024-11-27 06:10:17,614 INFO supervisord started with pid 1
2024-11-27 06:10:18,616 INFO spawned: 'queue_00' with pid 9
2024-11-27 06:10:18,618 INFO spawned: 'php-fpm' with pid 10
2024-11-27 06:10:19,639 INFO success: queue_00 entered RUNNING state, process has stayed up for > than 1 seconds (startsecs)
2024-11-27 06:10:19,640 INFO success: php-fpm entered RUNNING state, process has stayed up for > than 1 seconds (startsecs)
2024-11-27 06:30:50,703 INFO exited: queue_00 (exit status 0; expected)
2024-11-27 06:30:51,706 INFO spawned: 'queue_00' with pid 19
2024-11-27 06:30:51,798 WARN received SIGQUIT indicating exit request
2024-11-27 06:30:51,798 INFO waiting for queue_00, php-fpm to die
2024-11-27 06:30:51,801 INFO stopped: php-fpm (exit status 0)
2024-11-27 06:30:51,802 INFO stopped: queue_00 (terminated by SIGTERM)
2024-11-27 06:52:37,874 INFO supervisord started with pid 1
2024-11-27 06:52:38,877 INFO spawned: 'queue_00' with pid 10
2024-11-27 06:52:38,878 INFO spawned: 'php-fpm' with pid 11
2024-11-27 06:52:39,911 INFO success: queue_00 entered RUNNING state, process has stayed up for > than 1 seconds (startsecs)
2024-11-27 06:52:39,911 INFO success: php-fpm entered RUNNING state, process has stayed up for > than 1 seconds (startsecs)
2024-11-27 06:53:24,008 INFO exited: queue_00 (exit status 0; expected)
2024-11-27 06:53:25,011 INFO spawned: 'queue_00' with pid 20
2024-11-27 06:53:26,013 INFO success: queue_00 entered RUNNING state, process has stayed up for > than 1 seconds (startsecs)
2024-11-27 06:53:27,810 WARN received SIGQUIT indicating exit request
2024-11-27 06:53:27,811 INFO waiting for queue_00, php-fpm to die
2024-11-27 06:53:27,813 INFO stopped: php-fpm (exit status 0)
2024-11-27 06:53:27,814 INFO stopped: queue_00 (terminated by SIGTERM)
2024-11-27 06:56:00,082 INFO supervisord started with pid 1
2024-11-27 06:56:01,084 INFO spawned: 'queue_00' with pid 9
2024-11-27 06:56:01,085 INFO spawned: 'php-fpm' with pid 10
2024-11-27 06:56:01,181 INFO exited: queue_00 (exit status 0; not expected)
2024-11-27 06:56:02,183 INFO spawned: 'queue_00' with pid 19
2024-11-27 06:56:02,183 INFO success: php-fpm entered RUNNING state, process has stayed up for > than 1 seconds (startsecs)
2024-11-27 06:56:02,286 INFO exited: queue_00 (exit status 0; not expected)
2024-11-27 06:56:04,290 INFO spawned: 'queue_00' with pid 26
2024-11-27 06:56:05,292 INFO success: queue_00 entered RUNNING state, process has stayed up for > than 1 seconds (startsecs)
2024-11-27 07:03:01,734 INFO exited: queue_00 (exit status 0; expected)
2024-11-27 07:03:02,738 INFO spawned: 'queue_00' with pid 34
2024-11-27 07:03:02,839 INFO exited: queue_00 (exit status 0; not expected)
2024-11-27 07:03:03,841 INFO spawned: 'queue_00' with pid 41
2024-11-27 07:03:03,936 INFO exited: queue_00 (exit status 0; not expected)
2024-11-27 07:03:05,939 INFO spawned: 'queue_00' with pid 48
2024-11-27 07:03:06,941 INFO success: queue_00 entered RUNNING state, process has stayed up for > than 1 seconds (startsecs)
2024-11-27 17:05:47,658 CRIT Supervisor is running as root.  Privileges were not dropped because no user is specified in the config file.  If you intend to run as root, you can set user=root in the config file to avoid this message.
2024-11-27 17:05:47,661 INFO supervisord started with pid 1
2024-11-27 17:05:48,663 INFO spawned: 'queue_00' with pid 9
2024-11-27 17:05:48,664 INFO spawned: 'php-fpm' with pid 10
2024-11-27 17:05:49,684 INFO success: queue_00 entered RUNNING state, process has stayed up for > than 1 seconds (startsecs)
2024-11-27 17:05:49,684 INFO success: php-fpm entered RUNNING state, process has stayed up for > than 1 seconds (startsecs)
2024-11-27 12:57:48,602 INFO supervisord started with pid 1
2024-11-27 21:57:49,213 CRIT Supervisor is running as root.  Privileges were not dropped because no user is specified in the config file.  If you intend to run as root, you can set user=root in the config file to avoid this message.
2024-11-27 21:57:49,214 INFO supervisord started with pid 1
2024-11-27 12:57:49,603 INFO spawned: 'queue_00' with pid 9
2024-11-27 12:57:49,604 INFO spawned: 'php-fpm' with pid 10
2024-11-27 21:57:50,215 INFO spawned: 'queue_00' with pid 9
2024-11-27 21:57:50,217 INFO spawned: 'php-fpm' with pid 10
2024-11-27 12:57:50,628 INFO success: queue_00 entered RUNNING state, process has stayed up for > than 1 seconds (startsecs)
2024-11-27 12:57:50,629 INFO success: php-fpm entered RUNNING state, process has stayed up for > than 1 seconds (startsecs)
2024-11-27 21:57:51,235 INFO success: queue_00 entered RUNNING state, process has stayed up for > than 1 seconds (startsecs)
2024-11-27 21:57:51,235 INFO success: php-fpm entered RUNNING state, process has stayed up for > than 1 seconds (startsecs)
2024-11-27 12:59:49,833 INFO exited: queue_00 (exit status 0; expected)
2024-11-27 12:59:50,836 INFO spawned: 'queue_00' with pid 19
2024-11-27 12:59:51,838 INFO success: queue_00 entered RUNNING state, process has stayed up for > than 1 seconds (startsecs)
2024-11-27 22:34:48,391 INFO supervisord started with pid 1
2024-11-27 22:34:48,855 CRIT Supervisor is running as root.  Privileges were not dropped because no user is specified in the config file.  If you intend to run as root, you can set user=root in the config file to avoid this message.
2024-11-27 22:34:48,857 INFO supervisord started with pid 1
2024-11-27 22:34:49,393 INFO spawned: 'queue_00' with pid 9
2024-11-27 22:34:49,394 INFO spawned: 'php-fpm' with pid 10
2024-11-27 22:34:49,857 INFO spawned: 'queue_00' with pid 9
2024-11-27 22:34:49,857 INFO spawned: 'php-fpm' with pid 10
2024-11-27 22:34:50,413 INFO success: queue_00 entered RUNNING state, process has stayed up for > than 1 seconds (startsecs)
2024-11-27 22:34:50,413 INFO success: php-fpm entered RUNNING state, process has stayed up for > than 1 seconds (startsecs)
2024-11-27 22:34:50,873 INFO success: queue_00 entered RUNNING state, process has stayed up for > than 1 seconds (startsecs)
2024-11-27 22:34:50,874 INFO success: php-fpm entered RUNNING state, process has stayed up for > than 1 seconds (startsecs)
2024-11-27 22:35:49,546 INFO exited: queue_00 (exit status 0; expected)
2024-11-27 22:35:50,549 INFO spawned: 'queue_00' with pid 19
2024-11-27 22:35:51,550 INFO success: queue_00 entered RUNNING state, process has stayed up for > than 1 seconds (startsecs)
2024-11-27 22:45:06,344 WARN received SIGQUIT indicating exit request
2024-11-27 22:45:06,345 INFO waiting for queue_00, php-fpm to die
2024-11-27 22:45:06,347 INFO stopped: php-fpm (exit status 0)
2024-11-27 22:45:06,348 INFO stopped: queue_00 (terminated by SIGTERM)
2024-11-27 22:45:17,305 CRIT Supervisor is running as root.  Privileges were not dropped because no user is specified in the config file.  If you intend to run as root, you can set user=root in the config file to avoid this message.
2024-11-27 22:45:17,307 INFO supervisord started with pid 1
2024-11-27 22:45:18,309 INFO spawned: 'queue_00' with pid 9
2024-11-27 22:45:18,311 INFO spawned: 'php-fpm' with pid 10
2024-11-27 22:45:19,330 INFO success: queue_00 entered RUNNING state, process has stayed up for > than 1 seconds (startsecs)
2024-11-27 22:45:19,330 INFO success: php-fpm entered RUNNING state, process has stayed up for > than 1 seconds (startsecs)
2024-11-27 22:46:18,189 INFO exited: queue_00 (exit status 0; expected)
2024-11-27 22:46:19,192 INFO spawned: 'queue_00' with pid 26
2024-11-27 22:46:20,192 INFO success: queue_00 entered RUNNING state, process has stayed up for > than 1 seconds (startsecs)
2024-11-27 22:51:33,565 WARN received SIGQUIT indicating exit request
2024-11-27 22:51:33,565 INFO waiting for queue_00, php-fpm to die
2024-11-27 22:51:33,568 INFO stopped: php-fpm (exit status 0)
2024-11-27 22:51:33,570 INFO stopped: queue_00 (terminated by SIGTERM)
2024-11-27 22:51:37,557 INFO exited: queue_00 (exit status 0; expected)
2024-11-27 22:51:38,560 INFO spawned: 'queue_00' with pid 33
2024-11-27 22:51:39,562 INFO success: queue_00 entered RUNNING state, process has stayed up for > than 1 seconds (startsecs)
2024-11-27 22:51:43,861 WARN received SIGQUIT indicating exit request
2024-11-27 22:51:43,861 INFO waiting for queue_00, php-fpm to die
2024-11-27 22:51:43,864 INFO stopped: php-fpm (exit status 0)
2024-11-27 22:51:43,865 INFO stopped: queue_00 (terminated by SIGTERM)
2024-11-27 22:52:47,165 INFO supervisord started with pid 1
2024-11-27 22:52:47,847 CRIT Supervisor is running as root.  Privileges were not dropped because no user is specified in the config file.  If you intend to run as root, you can set user=root in the config file to avoid this message.
2024-11-27 22:52:47,848 INFO supervisord started with pid 1
2024-11-27 22:52:48,167 INFO spawned: 'queue_00' with pid 9
2024-11-27 22:52:48,169 INFO spawned: 'php-fpm' with pid 10
2024-11-27 22:52:48,851 INFO spawned: 'queue_00' with pid 9
2024-11-27 22:52:48,854 INFO spawned: 'php-fpm' with pid 10
2024-11-27 22:52:49,198 INFO success: queue_00 entered RUNNING state, process has stayed up for > than 1 seconds (startsecs)
2024-11-27 22:52:49,198 INFO success: php-fpm entered RUNNING state, process has stayed up for > than 1 seconds (startsecs)
2024-11-27 22:52:49,866 INFO success: queue_00 entered RUNNING state, process has stayed up for > than 1 seconds (startsecs)
2024-11-27 22:52:49,866 INFO success: php-fpm entered RUNNING state, process has stayed up for > than 1 seconds (startsecs)
2024-11-27 22:53:48,355 INFO exited: queue_00 (exit status 0; expected)
2024-11-27 22:53:49,358 INFO spawned: 'queue_00' with pid 19
2024-11-27 22:53:50,358 INFO success: queue_00 entered RUNNING state, process has stayed up for > than 1 seconds (startsecs)
2024-11-28 14:15:18,229 INFO supervisord started with pid 1
2024-11-28 14:15:18,922 CRIT Supervisor is running as root.  Privileges were not dropped because no user is specified in the config file.  If you intend to run as root, you can set user=root in the config file to avoid this message.
2024-11-28 14:15:18,924 INFO supervisord started with pid 1
2024-11-28 14:15:19,242 INFO spawned: 'queue_00' with pid 9
2024-11-28 14:15:19,257 INFO spawned: 'php-fpm' with pid 10
2024-11-28 14:15:19,926 INFO spawned: 'queue_00' with pid 9
2024-11-28 14:15:19,928 INFO spawned: 'php-fpm' with pid 10
2024-11-28 14:15:20,338 INFO success: queue_00 entered RUNNING state, process has stayed up for > than 1 seconds (startsecs)
2024-11-28 14:15:20,338 INFO success: php-fpm entered RUNNING state, process has stayed up for > than 1 seconds (startsecs)
2024-11-28 14:15:20,960 INFO success: queue_00 entered RUNNING state, process has stayed up for > than 1 seconds (startsecs)
2024-11-28 14:15:20,960 INFO success: php-fpm entered RUNNING state, process has stayed up for > than 1 seconds (startsecs)
2024-11-28 14:15:23,623 INFO exited: queue_00 (exit status 0; expected)
2024-11-28 14:15:24,625 INFO spawned: 'queue_00' with pid 19
2024-11-28 14:15:25,627 INFO success: queue_00 entered RUNNING state, process has stayed up for > than 1 seconds (startsecs)
2024-11-28 14:58:42,680 WARN received SIGQUIT indicating exit request
2024-11-28 14:58:42,688 INFO waiting for queue_00, php-fpm to die
2024-11-28 14:58:42,731 INFO stopped: php-fpm (exit status 0)
2024-11-28 14:58:42,735 INFO stopped: queue_00 (terminated by SIGTERM)
2024-11-28 14:58:48,960 INFO exited: queue_00 (exit status 0; expected)
2024-11-28 14:58:49,968 INFO spawned: 'queue_00' with pid 26
2024-11-28 14:58:50,970 INFO success: queue_00 entered RUNNING state, process has stayed up for > than 1 seconds (startsecs)
2024-11-28 14:58:53,055 WARN received SIGQUIT indicating exit request
2024-11-28 14:58:53,055 INFO waiting for queue_00, php-fpm to die
2024-11-28 14:58:53,074 INFO stopped: php-fpm (exit status 0)
2024-11-28 14:58:53,076 INFO stopped: queue_00 (terminated by SIGTERM)
2024-11-29 20:48:56,020 INFO supervisord started with pid 1
2024-11-29 20:48:56,605 CRIT Supervisor is running as root.  Privileges were not dropped because no user is specified in the config file.  If you intend to run as root, you can set user=root in the config file to avoid this message.
2024-11-29 20:48:56,606 INFO supervisord started with pid 1
2024-11-29 20:48:57,025 INFO spawned: 'queue_00' with pid 9
2024-11-29 20:48:57,026 INFO spawned: 'php-fpm' with pid 10
2024-11-29 20:48:57,609 INFO spawned: 'queue_00' with pid 9
2024-11-29 20:48:57,612 INFO spawned: 'php-fpm' with pid 10
2024-11-29 20:48:58,050 INFO success: queue_00 entered RUNNING state, process has stayed up for > than 1 seconds (startsecs)
2024-11-29 20:48:58,050 INFO success: php-fpm entered RUNNING state, process has stayed up for > than 1 seconds (startsecs)
2024-11-29 20:48:58,631 INFO success: queue_00 entered RUNNING state, process has stayed up for > than 1 seconds (startsecs)
2024-11-29 20:48:58,631 INFO success: php-fpm entered RUNNING state, process has stayed up for > than 1 seconds (startsecs)
2024-11-29 20:51:57,309 INFO exited: queue_00 (exit status 0; expected)
2024-11-29 20:51:58,313 INFO spawned: 'queue_00' with pid 19
2024-11-29 20:51:59,314 INFO success: queue_00 entered RUNNING state, process has stayed up for > than 1 seconds (startsecs)
2024-11-30 17:32:56,875 WARN received SIGQUIT indicating exit request
2024-11-30 17:32:56,883 INFO waiting for queue_00, php-fpm to die
2024-11-30 17:32:56,919 INFO stopped: php-fpm (exit status 0)
2024-11-30 17:32:56,922 INFO stopped: queue_00 (terminated by SIGTERM)
2024-11-30 17:33:05,012 INFO exited: queue_00 (exit status 0; expected)
2024-11-30 17:33:06,021 INFO spawned: 'queue_00' with pid 26
2024-11-30 17:33:07,022 INFO success: queue_00 entered RUNNING state, process has stayed up for > than 1 seconds (startsecs)
2024-11-30 17:33:07,213 WARN received SIGQUIT indicating exit request
2024-11-30 17:33:07,213 INFO waiting for queue_00, php-fpm to die
2024-11-30 17:33:07,227 INFO stopped: php-fpm (exit status 0)
2024-11-30 17:33:07,228 INFO stopped: queue_00 (terminated by SIGTERM)
2024-12-02 18:10:33,042 CRIT Supervisor is running as root.  Privileges were not dropped because no user is specified in the config file.  If you intend to run as root, you can set user=root in the config file to avoid this message.
2024-12-02 18:10:33,045 INFO supervisord started with pid 1
2024-12-02 18:10:34,047 INFO spawned: 'queue' with pid 9
2024-12-02 18:10:34,048 INFO spawned: 'scheduler' with pid 10
2024-12-02 18:10:35,050 INFO success: queue entered RUNNING state, process has stayed up for > than 1 seconds (startsecs)
2024-12-02 18:10:35,050 INFO success: scheduler entered RUNNING state, process has stayed up for > than 1 seconds (startsecs)
2024-12-03 00:46:34,828 CRIT Supervisor is running as root.  Privileges were not dropped because no user is specified in the config file.  If you intend to run as root, you can set user=root in the config file to avoid this message.
2024-12-03 00:46:34,830 INFO supervisord started with pid 1
2024-12-03 00:46:35,833 INFO spawned: 'queue' with pid 9
2024-12-03 00:46:35,834 INFO spawned: 'scheduler' with pid 10
2024-12-03 00:46:36,836 INFO success: queue entered RUNNING state, process has stayed up for > than 1 seconds (startsecs)
2024-12-03 00:46:36,836 INFO success: scheduler entered RUNNING state, process has stayed up for > than 1 seconds (startsecs)
2024-12-03 00:47:33,593 WARN received SIGQUIT indicating exit request
2024-12-03 00:47:33,594 INFO waiting for queue, scheduler to die
2024-12-03 00:47:34,596 INFO stopped: scheduler (terminated by SIGTERM)
2024-12-03 00:47:34,599 INFO stopped: queue (terminated by SIGTERM)
2024-12-03 14:30:16,340 CRIT Supervisor is running as root.  Privileges were not dropped because no user is specified in the config file.  If you intend to run as root, you can set user=root in the config file to avoid this message.
2024-12-03 14:30:16,343 INFO supervisord started with pid 1
2024-12-03 14:30:17,344 INFO spawned: 'queue' with pid 9
2024-12-03 14:30:17,347 INFO spawned: 'scheduler' with pid 10
2024-12-03 14:30:18,349 INFO success: queue entered RUNNING state, process has stayed up for > than 1 seconds (startsecs)
2024-12-03 14:30:18,349 INFO success: scheduler entered RUNNING state, process has stayed up for > than 1 seconds (startsecs)
2024-12-04 01:10:23,845 WARN received SIGQUIT indicating exit request
2024-12-04 01:10:23,849 INFO waiting for queue, scheduler to die
2024-12-04 01:10:24,852 INFO stopped: scheduler (terminated by SIGTERM)
2024-12-04 01:10:24,857 INFO stopped: queue (terminated by SIGTERM)
2024-12-04 14:47:55,287 CRIT Supervisor is running as root.  Privileges were not dropped because no user is specified in the config file.  If you intend to run as root, you can set user=root in the config file to avoid this message.
2024-12-04 14:47:55,290 INFO supervisord started with pid 1
2024-12-04 14:47:56,293 INFO spawned: 'queue' with pid 9
2024-12-04 14:47:56,296 INFO spawned: 'scheduler' with pid 10
2024-12-04 14:47:57,298 INFO success: queue entered RUNNING state, process has stayed up for > than 1 seconds (startsecs)
2024-12-04 14:47:57,298 INFO success: scheduler entered RUNNING state, process has stayed up for > than 1 seconds (startsecs)
2024-12-04 14:53:17,093 WARN received SIGQUIT indicating exit request
2024-12-04 14:53:17,094 INFO waiting for queue, scheduler to die
2024-12-04 14:53:17,095 INFO stopped: scheduler (terminated by SIGTERM)
2024-12-04 14:53:17,096 INFO stopped: queue (terminated by SIGTERM)
2024-12-04 15:46:18,147 CRIT Supervisor is running as root.  Privileges were not dropped because no user is specified in the config file.  If you intend to run as root, you can set user=root in the config file to avoid this message.
2024-12-04 15:46:18,149 INFO supervisord started with pid 1
2024-12-04 15:46:19,151 INFO spawned: 'queue' with pid 9
2024-12-04 15:46:19,152 INFO spawned: 'scheduler' with pid 10
2024-12-04 15:46:20,154 INFO success: queue entered RUNNING state, process has stayed up for > than 1 seconds (startsecs)
2024-12-04 15:46:20,154 INFO success: scheduler entered RUNNING state, process has stayed up for > than 1 seconds (startsecs)
2024-12-05 13:49:58,784 CRIT Supervisor is running as root.  Privileges were not dropped because no user is specified in the config file.  If you intend to run as root, you can set user=root in the config file to avoid this message.
2024-12-05 13:49:58,787 INFO supervisord started with pid 1
2024-12-05 13:49:59,802 INFO spawned: 'queue' with pid 9
2024-12-05 13:49:59,805 INFO spawned: 'scheduler' with pid 10
2024-12-05 13:50:00,806 INFO success: queue entered RUNNING state, process has stayed up for > than 1 seconds (startsecs)
2024-12-05 13:50:00,806 INFO success: scheduler entered RUNNING state, process has stayed up for > than 1 seconds (startsecs)
2024-12-05 15:07:31,483 WARN received SIGQUIT indicating exit request
2024-12-05 15:07:31,493 INFO waiting for queue, scheduler to die
2024-12-05 15:07:32,501 INFO stopped: scheduler (terminated by SIGTERM)
2024-12-05 15:07:32,511 INFO stopped: queue (terminated by SIGTERM)
2024-12-05 15:16:42,284 CRIT Supervisor is running as root.  Privileges were not dropped because no user is specified in the config file.  If you intend to run as root, you can set user=root in the config file to avoid this message.
2024-12-05 15:16:42,287 INFO supervisord started with pid 1
2024-12-05 15:16:43,289 INFO spawned: 'queue' with pid 9
2024-12-05 15:16:43,290 INFO spawned: 'scheduler' with pid 10
2024-12-05 15:16:44,290 INFO success: queue entered RUNNING state, process has stayed up for > than 1 seconds (startsecs)
2024-12-05 15:16:44,290 INFO success: scheduler entered RUNNING state, process has stayed up for > than 1 seconds (startsecs)
2024-12-05 22:06:24,362 CRIT Supervisor is running as root.  Privileges were not dropped because no user is specified in the config file.  If you intend to run as root, you can set user=root in the config file to avoid this message.
2024-12-05 22:06:24,367 INFO supervisord started with pid 1
2024-12-05 22:06:25,371 INFO spawned: 'queue' with pid 9
2024-12-05 22:06:25,376 INFO spawned: 'scheduler' with pid 10
2024-12-05 22:06:26,380 INFO success: queue entered RUNNING state, process has stayed up for > than 1 seconds (startsecs)
2024-12-05 22:06:26,380 INFO success: scheduler entered RUNNING state, process has stayed up for > than 1 seconds (startsecs)
2024-12-05 23:33:02,796 WARN received SIGQUIT indicating exit request
2024-12-05 23:33:02,800 INFO waiting for queue, scheduler to die
2024-12-05 23:33:03,803 INFO stopped: scheduler (terminated by SIGTERM)
2024-12-05 23:33:03,807 INFO stopped: queue (terminated by SIGTERM)
2024-12-06 11:49:13,933 CRIT Supervisor is running as root.  Privileges were not dropped because no user is specified in the config file.  If you intend to run as root, you can set user=root in the config file to avoid this message.
2024-12-06 11:49:13,937 INFO supervisord started with pid 1
2024-12-06 11:49:14,940 INFO spawned: 'queue' with pid 9
2024-12-06 11:49:14,942 INFO spawned: 'scheduler' with pid 10
2024-12-06 11:49:15,944 INFO success: queue entered RUNNING state, process has stayed up for > than 1 seconds (startsecs)
2024-12-06 11:49:15,944 INFO success: scheduler entered RUNNING state, process has stayed up for > than 1 seconds (startsecs)
2024-12-06 22:49:45,353 CRIT Supervisor is running as root.  Privileges were not dropped because no user is specified in the config file.  If you intend to run as root, you can set user=root in the config file to avoid this message.
2024-12-06 22:49:45,356 INFO supervisord started with pid 1
2024-12-06 22:49:46,358 INFO spawned: 'queue' with pid 10
2024-12-06 22:49:46,360 INFO spawned: 'scheduler' with pid 11
2024-12-06 22:49:47,361 INFO success: queue entered RUNNING state, process has stayed up for > than 1 seconds (startsecs)
2024-12-06 22:49:47,362 INFO success: scheduler entered RUNNING state, process has stayed up for > than 1 seconds (startsecs)
2024-12-07 12:13:39,912 CRIT Supervisor is running as root.  Privileges were not dropped because no user is specified in the config file.  If you intend to run as root, you can set user=root in the config file to avoid this message.
2024-12-07 12:13:39,915 INFO supervisord started with pid 1
2024-12-07 12:13:40,917 INFO spawned: 'queue' with pid 9
2024-12-07 12:13:40,919 INFO spawned: 'scheduler' with pid 10
2024-12-07 12:13:41,921 INFO success: queue entered RUNNING state, process has stayed up for > than 1 seconds (startsecs)
2024-12-07 12:13:41,922 INFO success: scheduler entered RUNNING state, process has stayed up for > than 1 seconds (startsecs)
2024-12-07 12:58:51,333 INFO exited: queue (exit status 0; expected)
2024-12-07 12:58:52,340 INFO spawned: 'queue' with pid 386
2024-12-07 12:58:53,342 INFO success: queue entered RUNNING state, process has stayed up for > than 1 seconds (startsecs)
2024-12-07 13:00:53,471 INFO exited: queue (exit status 0; expected)
2024-12-07 13:00:54,473 INFO spawned: 'queue' with pid 409
2024-12-07 13:00:55,475 INFO success: queue entered RUNNING state, process has stayed up for > than 1 seconds (startsecs)
2024-12-07 13:03:34,620 INFO exited: queue (exit status 0; expected)
2024-12-07 13:03:35,624 INFO spawned: 'queue' with pid 432
2024-12-07 13:03:36,626 INFO success: queue entered RUNNING state, process has stayed up for > than 1 seconds (startsecs)
2024-12-08 23:49:06,444 CRIT Supervisor is running as root.  Privileges were not dropped because no user is specified in the config file.  If you intend to run as root, you can set user=root in the config file to avoid this message.
2024-12-08 23:49:06,445 INFO supervisord started with pid 1
2024-12-08 23:49:07,448 INFO spawned: 'queue' with pid 9
2024-12-08 23:49:07,450 INFO spawned: 'scheduler' with pid 10
2024-12-08 23:49:08,452 INFO success: queue entered RUNNING state, process has stayed up for > than 1 seconds (startsecs)
2024-12-08 23:49:08,452 INFO success: scheduler entered RUNNING state, process has stayed up for > than 1 seconds (startsecs)
2024-12-09 00:34:12,368 WARN received SIGQUIT indicating exit request
2024-12-09 00:34:12,371 INFO waiting for queue, scheduler to die
2024-12-09 00:34:12,372 INFO stopped: scheduler (terminated by SIGTERM)
2024-12-09 00:34:12,375 INFO stopped: queue (terminated by SIGTERM)
2024-12-09 00:38:33,258 CRIT Supervisor is running as root.  Privileges were not dropped because no user is specified in the config file.  If you intend to run as root, you can set user=root in the config file to avoid this message.
2024-12-09 00:38:33,260 INFO supervisord started with pid 1
2024-12-09 00:38:34,263 INFO spawned: 'queue' with pid 9
2024-12-09 00:38:34,265 INFO spawned: 'scheduler' with pid 10
2024-12-09 00:38:35,266 INFO success: queue entered RUNNING state, process has stayed up for > than 1 seconds (startsecs)
2024-12-09 00:38:35,267 INFO success: scheduler entered RUNNING state, process has stayed up for > than 1 seconds (startsecs)
2024-12-09 02:43:42,525 WARN received SIGQUIT indicating exit request
2024-12-09 02:43:42,534 INFO waiting for queue, scheduler to die
2024-12-09 02:43:43,540 WARN stopped: scheduler (terminated by SIGTERM)
2024-12-09 02:43:43,548 WARN stopped: queue (terminated by SIGTERM)
2024-12-09 02:52:01,783 CRIT Supervisor is running as root.  Privileges were not dropped because no user is specified in the config file.  If you intend to run as root, you can set user=root in the config file to avoid this message.
2024-12-09 02:52:01,785 INFO supervisord started with pid 7
2024-12-09 02:52:02,788 INFO spawned: 'queue' with pid 10
2024-12-09 02:52:02,790 INFO spawned: 'scheduler' with pid 11
2024-12-09 02:52:03,792 INFO success: queue entered RUNNING state, process has stayed up for > than 1 seconds (startsecs)
2024-12-09 02:52:03,792 INFO success: scheduler entered RUNNING state, process has stayed up for > than 1 seconds (startsecs)
2024-12-09 13:55:07,729 CRIT Supervisor is running as root.  Privileges were not dropped because no user is specified in the config file.  If you intend to run as root, you can set user=root in the config file to avoid this message.
2024-12-09 13:55:07,732 INFO supervisord started with pid 7
2024-12-09 13:55:08,732 INFO spawned: 'queue' with pid 10
2024-12-09 13:55:08,735 INFO spawned: 'scheduler' with pid 11
2024-12-09 13:55:09,737 INFO success: queue entered RUNNING state, process has stayed up for > than 1 seconds (startsecs)
2024-12-09 13:55:09,738 INFO success: scheduler entered RUNNING state, process has stayed up for > than 1 seconds (startsecs)
2024-12-09 17:48:34,594 CRIT Supervisor is running as root.  Privileges were not dropped because no user is specified in the config file.  If you intend to run as root, you can set user=root in the config file to avoid this message.
2024-12-09 17:48:34,597 INFO supervisord started with pid 1
2024-12-09 17:48:35,600 INFO spawned: 'queue' with pid 9
2024-12-09 17:48:35,601 INFO spawned: 'scheduler' with pid 10
2024-12-09 17:48:36,603 INFO success: queue entered RUNNING state, process has stayed up for > than 1 seconds (startsecs)
2024-12-09 17:48:36,603 INFO success: scheduler entered RUNNING state, process has stayed up for > than 1 seconds (startsecs)
2024-12-09 19:14:02,130 WARN received SIGQUIT indicating exit request
2024-12-09 19:14:02,137 INFO waiting for queue, scheduler to die
2024-12-09 19:14:03,142 WARN stopped: scheduler (terminated by SIGTERM)
2024-12-09 19:14:03,146 WARN stopped: queue (terminated by SIGTERM)
2024-12-09 19:14:22,428 CRIT Supervisor is running as root.  Privileges were not dropped because no user is specified in the config file.  If you intend to run as root, you can set user=root in the config file to avoid this message.
2024-12-09 19:14:22,430 INFO supervisord started with pid 1
2024-12-09 19:14:23,434 INFO spawned: 'queue' with pid 9
2024-12-09 19:14:23,436 INFO spawned: 'scheduler' with pid 10
2024-12-09 19:14:24,437 INFO success: queue entered RUNNING state, process has stayed up for > than 1 seconds (startsecs)
2024-12-09 19:14:24,437 INFO success: scheduler entered RUNNING state, process has stayed up for > than 1 seconds (startsecs)
2024-12-10 14:15:32,259 CRIT Supervisor is running as root.  Privileges were not dropped because no user is specified in the config file.  If you intend to run as root, you can set user=root in the config file to avoid this message.
2024-12-10 14:15:32,261 INFO supervisord started with pid 1
2024-12-10 14:15:33,279 INFO spawned: 'queue' with pid 9
2024-12-10 14:15:33,282 INFO spawned: 'scheduler' with pid 10
2024-12-10 14:15:34,284 INFO success: queue entered RUNNING state, process has stayed up for > than 1 seconds (startsecs)
2024-12-10 14:15:34,285 INFO success: scheduler entered RUNNING state, process has stayed up for > than 1 seconds (startsecs)
2024-12-10 17:07:28,168 INFO exited: queue (exit status 0; expected)
2024-12-10 17:07:29,209 INFO spawned: 'queue' with pid 1154
2024-12-10 17:07:30,211 INFO success: queue entered RUNNING state, process has stayed up for > than 1 seconds (startsecs)
2024-12-11 10:45:14,605 CRIT Supervisor is running as root.  Privileges were not dropped because no user is specified in the config file.  If you intend to run as root, you can set user=root in the config file to avoid this message.
2024-12-11 10:45:14,609 INFO supervisord started with pid 1
2024-12-11 10:45:15,616 INFO spawned: 'queue' with pid 9
2024-12-11 10:45:15,626 INFO spawned: 'scheduler' with pid 10
2024-12-11 10:45:16,637 INFO success: queue entered RUNNING state, process has stayed up for > than 1 seconds (startsecs)
2024-12-11 10:45:16,637 INFO success: scheduler entered RUNNING state, process has stayed up for > than 1 seconds (startsecs)
2024-12-11 10:45:21,317 INFO exited: queue (exit status 0; expected)
2024-12-11 10:45:22,320 INFO spawned: 'queue' with pid 26
2024-12-11 10:45:23,321 INFO success: queue entered RUNNING state, process has stayed up for > than 1 seconds (startsecs)
2024-12-11 16:05:27,874 WARN received SIGQUIT indicating exit request
2024-12-11 16:05:27,891 INFO waiting for queue, scheduler to die
2024-12-11 16:05:28,901 WARN stopped: scheduler (terminated by SIGTERM)
2024-12-11 16:05:28,914 WARN stopped: queue (terminated by SIGTERM)
2024-12-11 18:01:06,332 CRIT Supervisor is running as root.  Privileges were not dropped because no user is specified in the config file.  If you intend to run as root, you can set user=root in the config file to avoid this message.
2024-12-11 18:01:06,337 INFO supervisord started with pid 1
2024-12-11 18:01:07,352 INFO spawned: 'queue' with pid 9
2024-12-11 18:01:07,357 INFO spawned: 'scheduler' with pid 10
2024-12-11 18:01:08,359 INFO success: queue entered RUNNING state, process has stayed up for > than 1 seconds (startsecs)
2024-12-11 18:01:08,360 INFO success: scheduler entered RUNNING state, process has stayed up for > than 1 seconds (startsecs)
2024-12-11 21:29:18,904 CRIT Supervisor is running as root.  Privileges were not dropped because no user is specified in the config file.  If you intend to run as root, you can set user=root in the config file to avoid this message.
2024-12-11 21:29:18,907 INFO supervisord started with pid 1
2024-12-11 21:29:19,909 INFO spawned: 'queue' with pid 9
2024-12-11 21:29:19,911 INFO spawned: 'scheduler' with pid 10
2024-12-11 21:29:20,912 INFO success: queue entered RUNNING state, process has stayed up for > than 1 seconds (startsecs)
2024-12-11 21:29:20,912 INFO success: scheduler entered RUNNING state, process has stayed up for > than 1 seconds (startsecs)
2024-12-11 21:39:55,659 WARN received SIGQUIT indicating exit request
2024-12-11 21:39:55,661 INFO waiting for queue, scheduler to die
2024-12-11 21:39:56,663 WARN stopped: scheduler (terminated by SIGTERM)
2024-12-11 21:39:56,666 WARN stopped: queue (terminated by SIGTERM)
2024-12-11 21:46:21,809 CRIT Supervisor is running as root.  Privileges were not dropped because no user is specified in the config file.  If you intend to run as root, you can set user=root in the config file to avoid this message.
2024-12-11 21:46:21,811 INFO supervisord started with pid 1
2024-12-11 21:46:22,813 INFO spawned: 'queue' with pid 9
2024-12-11 21:46:22,814 INFO spawned: 'scheduler' with pid 10
2024-12-11 21:46:23,816 INFO success: queue entered RUNNING state, process has stayed up for > than 1 seconds (startsecs)
2024-12-11 21:46:23,816 INFO success: scheduler entered RUNNING state, process has stayed up for > than 1 seconds (startsecs)
2024-12-11 21:48:03,224 WARN received SIGQUIT indicating exit request
2024-12-11 21:48:03,225 INFO waiting for queue, scheduler to die
2024-12-11 21:48:04,227 WARN stopped: scheduler (terminated by SIGTERM)
2024-12-11 21:48:04,229 WARN stopped: queue (terminated by SIGTERM)
2024-12-11 21:48:46,007 CRIT Supervisor is running as root.  Privileges were not dropped because no user is specified in the config file.  If you intend to run as root, you can set user=root in the config file to avoid this message.
2024-12-11 21:48:46,010 INFO supervisord started with pid 1
2024-12-11 21:48:47,012 INFO spawned: 'queue' with pid 9
2024-12-11 21:48:47,014 INFO spawned: 'scheduler' with pid 10
2024-12-11 21:48:48,016 INFO success: queue entered RUNNING state, process has stayed up for > than 1 seconds (startsecs)
2024-12-11 21:48:48,016 INFO success: scheduler entered RUNNING state, process has stayed up for > than 1 seconds (startsecs)
2024-12-11 21:49:30,500 WARN received SIGQUIT indicating exit request
2024-12-11 21:49:30,500 INFO waiting for queue, scheduler to die
2024-12-11 21:49:31,502 WARN stopped: scheduler (terminated by SIGTERM)
2024-12-11 21:49:31,504 WARN stopped: queue (terminated by SIGTERM)
2024-12-11 21:49:53,785 CRIT Supervisor is running as root.  Privileges were not dropped because no user is specified in the config file.  If you intend to run as root, you can set user=root in the config file to avoid this message.
2024-12-11 21:49:53,787 INFO supervisord started with pid 1
2024-12-11 21:49:54,788 INFO spawned: 'queue' with pid 9
2024-12-11 21:49:54,790 INFO spawned: 'scheduler' with pid 10
2024-12-11 21:49:55,791 INFO success: queue entered RUNNING state, process has stayed up for > than 1 seconds (startsecs)
2024-12-11 21:49:55,791 INFO success: scheduler entered RUNNING state, process has stayed up for > than 1 seconds (startsecs)
2024-12-13 10:48:00,300 CRIT Supervisor is running as root.  Privileges were not dropped because no user is specified in the config file.  If you intend to run as root, you can set user=root in the config file to avoid this message.
2024-12-13 10:48:00,302 INFO supervisord started with pid 1
2024-12-13 10:48:01,304 INFO spawned: 'queue' with pid 9
2024-12-13 10:48:01,309 INFO spawned: 'scheduler' with pid 10
2024-12-13 10:48:02,311 INFO success: queue entered RUNNING state, process has stayed up for > than 1 seconds (startsecs)
2024-12-13 10:48:02,311 INFO success: scheduler entered RUNNING state, process has stayed up for > than 1 seconds (startsecs)
2024-12-13 14:58:38,865 WARN received SIGQUIT indicating exit request
2024-12-13 14:58:38,877 INFO waiting for queue, scheduler to die
2024-12-13 14:58:39,884 WARN stopped: scheduler (terminated by SIGTERM)
2024-12-13 14:58:39,890 WARN stopped: queue (terminated by SIGTERM)
2024-12-13 15:03:23,320 CRIT Supervisor is running as root.  Privileges were not dropped because no user is specified in the config file.  If you intend to run as root, you can set user=root in the config file to avoid this message.
2024-12-13 15:03:23,322 INFO supervisord started with pid 1
2024-12-13 15:03:24,325 INFO spawned: 'queue' with pid 9
2024-12-13 15:03:24,326 INFO spawned: 'scheduler' with pid 10
2024-12-13 15:03:25,328 INFO success: queue entered RUNNING state, process has stayed up for > than 1 seconds (startsecs)
2024-12-13 15:03:25,328 INFO success: scheduler entered RUNNING state, process has stayed up for > than 1 seconds (startsecs)
2024-12-13 21:42:18,114 INFO exited: queue (exit status 0; expected)
2024-12-13 21:42:19,157 INFO spawned: 'queue' with pid 3042
2024-12-13 21:42:20,160 INFO success: queue entered RUNNING state, process has stayed up for > than 1 seconds (startsecs)
2024-12-13 21:53:04,919 WARN received SIGQUIT indicating exit request
2024-12-13 21:53:04,925 INFO waiting for queue, scheduler to die
2024-12-13 21:53:05,930 WARN stopped: scheduler (terminated by SIGTERM)
2024-12-13 21:53:05,932 WARN stopped: queue (terminated by SIGTERM)
2024-12-13 21:53:51,304 CRIT Supervisor is running as root.  Privileges were not dropped because no user is specified in the config file.  If you intend to run as root, you can set user=root in the config file to avoid this message.
2024-12-13 21:53:51,306 INFO supervisord started with pid 1
2024-12-13 21:53:52,309 INFO spawned: 'queue' with pid 9
2024-12-13 21:53:52,312 INFO spawned: 'scheduler' with pid 10
2024-12-13 21:53:53,315 INFO success: queue entered RUNNING state, process has stayed up for > than 1 seconds (startsecs)
2024-12-13 21:53:53,315 INFO success: scheduler entered RUNNING state, process has stayed up for > than 1 seconds (startsecs)
2024-12-14 11:12:18,257 WARN received SIGQUIT indicating exit request
2024-12-14 11:12:18,261 INFO waiting for queue, scheduler to die
2024-12-14 11:12:19,265 WARN stopped: scheduler (terminated by SIGTERM)
2024-12-14 11:12:19,270 WARN stopped: queue (terminated by SIGTERM)
2024-12-14 11:34:07,262 CRIT Supervisor is running as root.  Privileges were not dropped because no user is specified in the config file.  If you intend to run as root, you can set user=root in the config file to avoid this message.
2024-12-14 11:34:07,264 INFO supervisord started with pid 1
2024-12-14 11:34:08,266 INFO spawned: 'queue' with pid 9
2024-12-14 11:34:08,268 INFO spawned: 'scheduler' with pid 10
2024-12-14 11:34:09,269 INFO success: queue entered RUNNING state, process has stayed up for > than 1 seconds (startsecs)
2024-12-14 11:34:09,269 INFO success: scheduler entered RUNNING state, process has stayed up for > than 1 seconds (startsecs)
2024-12-14 11:45:54,117 WARN received SIGQUIT indicating exit request
2024-12-14 11:45:54,118 INFO waiting for queue, scheduler to die
2024-12-14 11:45:55,120 WARN stopped: scheduler (terminated by SIGTERM)
2024-12-14 11:45:55,123 WARN stopped: queue (terminated by SIGTERM)
2024-12-14 11:47:15,979 CRIT Supervisor is running as root.  Privileges were not dropped because no user is specified in the config file.  If you intend to run as root, you can set user=root in the config file to avoid this message.
2024-12-14 11:47:15,981 INFO supervisord started with pid 1
2024-12-14 11:47:16,983 INFO spawned: 'queue' with pid 9
2024-12-14 11:47:16,985 INFO spawned: 'scheduler' with pid 10
2024-12-14 11:47:17,986 INFO success: queue entered RUNNING state, process has stayed up for > than 1 seconds (startsecs)
2024-12-14 11:47:17,987 INFO success: scheduler entered RUNNING state, process has stayed up for > than 1 seconds (startsecs)
2024-12-15 10:45:56,168 CRIT Supervisor is running as root.  Privileges were not dropped because no user is specified in the config file.  If you intend to run as root, you can set user=root in the config file to avoid this message.
2024-12-15 10:45:56,171 INFO supervisord started with pid 1
2024-12-15 10:45:57,176 INFO spawned: 'queue' with pid 9
2024-12-15 10:45:57,179 INFO spawned: 'scheduler' with pid 10
2024-12-15 10:45:58,181 INFO success: queue entered RUNNING state, process has stayed up for > than 1 seconds (startsecs)
2024-12-15 10:45:58,181 INFO success: scheduler entered RUNNING state, process has stayed up for > than 1 seconds (startsecs)
2024-12-15 22:19:12,962 CRIT Supervisor is running as root.  Privileges were not dropped because no user is specified in the config file.  If you intend to run as root, you can set user=root in the config file to avoid this message.
2024-12-15 22:19:12,964 INFO supervisord started with pid 1
2024-12-15 22:19:13,968 INFO spawned: 'queue' with pid 9
2024-12-15 22:19:13,970 INFO spawned: 'scheduler' with pid 10
2024-12-15 22:19:14,972 INFO success: queue entered RUNNING state, process has stayed up for > than 1 seconds (startsecs)
2024-12-15 22:19:14,972 INFO success: scheduler entered RUNNING state, process has stayed up for > than 1 seconds (startsecs)
2024-12-16 10:49:37,447 CRIT Supervisor is running as root.  Privileges were not dropped because no user is specified in the config file.  If you intend to run as root, you can set user=root in the config file to avoid this message.
2024-12-16 10:49:37,450 INFO supervisord started with pid 1
2024-12-16 10:49:38,454 INFO spawned: 'queue' with pid 9
2024-12-16 10:49:38,457 INFO spawned: 'scheduler' with pid 10
2024-12-16 10:49:39,459 INFO success: queue entered RUNNING state, process has stayed up for > than 1 seconds (startsecs)
2024-12-16 10:49:39,460 INFO success: scheduler entered RUNNING state, process has stayed up for > than 1 seconds (startsecs)
